<?xml version="1.0" encoding="UTF-8"?>
<!-- Generated by org.testng.reporters.JUnitXMLReporter -->
<testsuite ignored="1" hostname="VIVEK" failures="0" tests="1" name="Test" time="24.225" errors="0" timestamp="2023-07-05T16:30:18 IST">
  <testcase classname="prctiseAutomation.StandaloneTest" name="productPurchase" time="15.474"/>
  <testcase classname="prctiseAutomation.StandaloneTest" name="productPurchaseError" time="0.0">
    <ignored/>
  </testcase> <!-- productPurchaseError -->
</testsuite> <!-- Test -->
